<?xml version="1.0" encoding="UTF-8"?>
<coverage generated="1702408100111" clover="3.2.0">
  <project timestamp="1702408100111" name="All files">
    <metrics statements="19" coveredstatements="19" conditionals="6" coveredconditionals="5" methods="6" coveredmethods="6" elements="31" coveredelements="30" complexity="0" loc="19" ncloc="19" packages="1" files="2" classes="2"/>
    <file name="Header.tsx" path="E:\Grafiql-app\src\components\templates\Header\Header.tsx">
      <metrics statements="14" coveredstatements="14" conditionals="0" coveredconditionals="0" methods="4" coveredmethods="4"/>
      <line num="1" count="1" type="stmt"/>
      <line num="2" count="1" type="stmt"/>
      <line num="3" count="1" type="stmt"/>
      <line num="5" count="1" type="stmt"/>
      <line num="6" count="4" type="stmt"/>
      <line num="8" count="3" type="stmt"/>
      <line num="9" count="1" type="stmt"/>
      <line num="10" count="1" type="stmt"/>
      <line num="13" count="3" type="stmt"/>
      <line num="14" count="2" type="stmt"/>
      <line num="16" count="2" type="stmt"/>
      <line num="17" count="2" type="stmt"/>
      <line num="21" count="3" type="stmt"/>
      <line num="38" count="1" type="stmt"/>
    </file>
    <file name="style.ts" path="E:\Grafiql-app\src\components\templates\Header\style.ts">
      <metrics statements="5" coveredstatements="5" conditionals="6" coveredconditionals="5" methods="2" coveredmethods="2"/>
      <line num="1" count="1" type="stmt"/>
      <line num="2" count="1" type="stmt"/>
      <line num="3" count="1" type="stmt"/>
      <line num="10" count="3" type="stmt"/>
      <line num="22" count="6" type="stmt"/>
    </file>
  </project>
</coverage>
