{"E:\\Grafiql-app\\src\\components\\Context\\LenguageContext.ts": {"path":"E:\\Grafiql-app\\src\\components\\Context\\LenguageContext.ts","statementMap":{"0":{"start":{"line":1,"column":0},"end":{"line":1,"column":64}},"1":{"start":{"line":8,"column":13},"end":{"line":11,"column":2}},"2":{"start":{"line":13,"column":13},"end":{"line":13,"column":80}}},"fnMap":{"0":{"name":"(anonymous_0)","decl":{"start":{"line":10,"column":16},"end":{"line":10,"column":19}},"loc":{"start":{"line":10,"column":21},"end":{"line":10,"column":24}}}},"branchMap":{},"s":{"0":2,"1":2,"2":2},"f":{"0":1},"b":{}}
,"E:\\Grafiql-app\\src\\components\\templates\\Header\\Header.tsx": {"path":"E:\\Grafiql-app\\src\\components\\templates\\Header\\Header.tsx","statementMap":{"0":{"start":{"line":1,"column":0},"end":{"line":1,"column":63}},"1":{"start":{"line":2,"column":0},"end":{"line":2,"column":65}},"2":{"start":{"line":3,"column":0},"end":{"line":3,"column":null}},"3":{"start":{"line":10,"column":0},"end":{"line":10,"column":64}},"4":{"start":{"line":12,"column":15},"end":{"line":61,"column":1}},"5":{"start":{"line":13,"column":34},"end":{"line":13,"column":49}},"6":{"start":{"line":14,"column":36},"end":{"line":14,"column":63}},"7":{"start":{"line":16,"column":23},"end":{"line":19,"column":3}},"8":{"start":{"line":17,"column":19},"end":{"line":17,"column":33}},"9":{"start":{"line":18,"column":4},"end":{"line":18,"column":29}},"10":{"start":{"line":21,"column":23},"end":{"line":23,"column":3}},"11":{"start":{"line":22,"column":4},"end":{"line":22,"column":46}},"12":{"start":{"line":25,"column":2},"end":{"line":31,"column":9}},"13":{"start":{"line":26,"column":4},"end":{"line":26,"column":52}},"14":{"start":{"line":28,"column":4},"end":{"line":30,"column":6}},"15":{"start":{"line":29,"column":6},"end":{"line":29,"column":57}},"16":{"start":{"line":33,"column":2},"end":{"line":60,"column":4}},"17":{"start":{"line":63,"column":0},"end":{"line":63,"column":22}}},"fnMap":{"0":{"name":"(anonymous_0)","decl":{"start":{"line":12,"column":15},"end":{"line":12,"column":18}},"loc":{"start":{"line":12,"column":20},"end":{"line":61,"column":1}}},"1":{"name":"(anonymous_1)","decl":{"start":{"line":16,"column":23},"end":{"line":16,"column":26}},"loc":{"start":{"line":16,"column":28},"end":{"line":19,"column":3}}},"2":{"name":"(anonymous_2)","decl":{"start":{"line":21,"column":23},"end":{"line":21,"column":24}},"loc":{"start":{"line":21,"column":52},"end":{"line":23,"column":3}}},"3":{"name":"(anonymous_3)","decl":{"start":{"line":25,"column":12},"end":{"line":25,"column":15}},"loc":{"start":{"line":25,"column":17},"end":{"line":31,"column":3}}},"4":{"name":"(anonymous_4)","decl":{"start":{"line":28,"column":11},"end":{"line":28,"column":14}},"loc":{"start":{"line":28,"column":16},"end":{"line":30,"column":5}}}},"branchMap":{},"s":{"0":1,"1":1,"2":1,"3":1,"4":1,"5":4,"6":3,"7":3,"8":1,"9":1,"10":3,"11":0,"12":3,"13":2,"14":2,"15":2,"16":3,"17":1},"f":{"0":4,"1":1,"2":0,"3":2,"4":2},"b":{}}
,"E:\\Grafiql-app\\src\\components\\templates\\Header\\style.ts": {"path":"E:\\Grafiql-app\\src\\components\\templates\\Header\\style.ts","statementMap":{"0":{"start":{"line":1,"column":0},"end":{"line":1,"column":50}},"1":{"start":{"line":2,"column":0},"end":{"line":2,"column":40}},"2":{"start":{"line":3,"column":0},"end":{"line":3,"column":37}},"3":{"start":{"line":10,"column":13},"end":{"line":20,"column":4}},"4":{"start":{"line":10,"column":72},"end":{"line":20,"column":2}},"5":{"start":{"line":22,"column":13},"end":{"line":39,"column":4}},"6":{"start":{"line":22,"column":72},"end":{"line":39,"column":2}},"7":{"start":{"line":41,"column":13},"end":{"line":47,"column":3}}},"fnMap":{"0":{"name":"(anonymous_0)","decl":{"start":{"line":10,"column":36},"end":{"line":10,"column":37}},"loc":{"start":{"line":10,"column":72},"end":{"line":20,"column":2}}},"1":{"name":"(anonymous_1)","decl":{"start":{"line":22,"column":39},"end":{"line":22,"column":40}},"loc":{"start":{"line":22,"column":72},"end":{"line":39,"column":2}}}},"branchMap":{"0":{"loc":{"start":{"line":11,"column":10},"end":{"line":11,"column":37}},"type":"cond-expr","locations":[{"start":{"line":11,"column":22},"end":{"line":11,"column":28}},{"start":{"line":11,"column":31},"end":{"line":11,"column":37}}]},"1":{"loc":{"start":{"line":12,"column":19},"end":{"line":12,"column":56}},"type":"cond-expr","locations":[{"start":{"line":12,"column":31},"end":{"line":12,"column":40}},{"start":{"line":12,"column":43},"end":{"line":12,"column":56}}]},"2":{"loc":{"start":{"line":26,"column":9},"end":{"line":26,"column":25}},"type":"binary-expr","locations":[{"start":{"line":26,"column":9},"end":{"line":26,"column":15}},{"start":{"line":26,"column":19},"end":{"line":26,"column":25}}]}},"s":{"0":1,"1":1,"2":1,"3":1,"4":3,"5":1,"6":6,"7":1},"f":{"0":3,"1":6},"b":{"0":[1,2],"1":[1,2],"2":[6,0]}}
}
