{"E:\\Grafiql-app\\src\\components\\Context\\ValueContext.ts": {"path":"E:\\Grafiql-app\\src\\components\\Context\\ValueContext.ts","statementMap":{"0":{"start":{"line":1,"column":0},"end":{"line":1,"column":64}},"1":{"start":{"line":3,"column":0},"end":{"line":3,"column":null}},"2":{"start":{"line":4,"column":2},"end":{"line":4,"column":null}},"3":{"start":{"line":5,"column":2},"end":{"line":5,"column":null}},"4":{"start":{"line":15,"column":13},"end":{"line":20,"column":2}},"5":{"start":{"line":22,"column":13},"end":{"line":22,"column":74}}},"fnMap":{"0":{"name":"(anonymous_0)","decl":{"start":{"line":3,"column":0},"end":{"line":3,"column":12}},"loc":{"start":{"line":3,"column":17},"end":{"line":6,"column":1}}},"1":{"name":"(anonymous_1)","decl":{"start":{"line":17,"column":16},"end":{"line":17,"column":19}},"loc":{"start":{"line":17,"column":21},"end":{"line":17,"column":24}}},"2":{"name":"(anonymous_2)","decl":{"start":{"line":19,"column":23},"end":{"line":19,"column":26}},"loc":{"start":{"line":19,"column":28},"end":{"line":19,"column":31}}}},"branchMap":{"0":{"loc":{"start":{"line":3,"column":12},"end":{"line":3,"column":null}},"type":"binary-expr","locations":[{"start":{"line":3,"column":12},"end":{"line":3,"column":17}},{"start":{"line":3,"column":17},"end":{"line":3,"column":null}}]}},"s":{"0":3,"1":3,"2":3,"3":3,"4":3,"5":3},"f":{"0":3,"1":1,"2":1},"b":{"0":[3,3]}}
,"E:\\Grafiql-app\\src\\components\\FormInput\\FormInput.tsx": {"path":"E:\\Grafiql-app\\src\\components\\FormInput\\FormInput.tsx","statementMap":{"0":{"start":{"line":1,"column":0},"end":{"line":1,"column":null}},"1":{"start":{"line":22,"column":18},"end":{"line":41,"column":1}},"2":{"start":{"line":23,"column":2},"end":{"line":40,"column":4}},"3":{"start":{"line":43,"column":0},"end":{"line":43,"column":25}}},"fnMap":{"0":{"name":"(anonymous_0)","decl":{"start":{"line":22,"column":18},"end":{"line":22,"column":19}},"loc":{"start":{"line":22,"column":67},"end":{"line":41,"column":1}}}},"branchMap":{"0":{"loc":{"start":{"line":34,"column":7},"end":{"line":37,"column":null}},"type":"binary-expr","locations":[{"start":{"line":34,"column":7},"end":{"line":34,"column":27}},{"start":{"line":35,"column":8},"end":{"line":36,"column":null}}]}},"s":{"0":1,"1":1,"2":3,"3":1},"f":{"0":3},"b":{"0":[3,1]}}
,"E:\\Grafiql-app\\src\\components\\atoms\\InputEntryPoint\\InputEntryPoint.tsx": {"path":"E:\\Grafiql-app\\src\\components\\atoms\\InputEntryPoint\\InputEntryPoint.tsx","statementMap":{"0":{"start":{"line":1,"column":0},"end":{"line":1,"column":42}},"1":{"start":{"line":2,"column":0},"end":{"line":2,"column":58}},"2":{"start":{"line":3,"column":0},"end":{"line":3,"column":60}},"3":{"start":{"line":4,"column":0},"end":{"line":4,"column":58}},"4":{"start":{"line":6,"column":24},"end":{"line":23,"column":1}},"5":{"start":{"line":7,"column":50},"end":{"line":7,"column":74}},"6":{"start":{"line":9,"column":23},"end":{"line":13,"column":3}},"7":{"start":{"line":12,"column":4},"end":{"line":12,"column":43}},"8":{"start":{"line":15,"column":2},"end":{"line":22,"column":4}},"9":{"start":{"line":18,"column":34},"end":{"line":18,"column":62}},"10":{"start":{"line":25,"column":0},"end":{"line":25,"column":31}}},"fnMap":{"0":{"name":"(anonymous_1)","decl":{"start":{"line":6,"column":24},"end":{"line":6,"column":27}},"loc":{"start":{"line":6,"column":29},"end":{"line":23,"column":1}}},"1":{"name":"(anonymous_2)","decl":{"start":{"line":9,"column":23},"end":{"line":9,"column":24}},"loc":{"start":{"line":11,"column":7},"end":{"line":13,"column":3}}},"2":{"name":"(anonymous_3)","decl":{"start":{"line":18,"column":28},"end":{"line":18,"column":31}},"loc":{"start":{"line":18,"column":34},"end":{"line":18,"column":62}}}},"branchMap":{},"s":{"0":1,"1":1,"2":1,"3":1,"4":1,"5":4,"6":4,"7":1,"8":4,"9":1,"10":1},"f":{"0":4,"1":1,"2":1},"b":{}}
,"E:\\Grafiql-app\\src\\components\\atoms\\InputEntryPoint\\style.ts": {"path":"E:\\Grafiql-app\\src\\components\\atoms\\InputEntryPoint\\style.ts","statementMap":{"0":{"start":{"line":1,"column":0},"end":{"line":1,"column":52}},"1":{"start":{"line":2,"column":0},"end":{"line":2,"column":37}},"2":{"start":{"line":4,"column":13},"end":{"line":9,"column":3}},"3":{"start":{"line":11,"column":13},"end":{"line":14,"column":3}},"4":{"start":{"line":16,"column":13},"end":{"line":31,"column":3}}},"fnMap":{},"branchMap":{},"s":{"0":1,"1":1,"2":1,"3":1,"4":1},"f":{},"b":{}}
,"E:\\Grafiql-app\\src\\components\\authButtons\\AuthButtons.tsx": {"path":"E:\\Grafiql-app\\src\\components\\authButtons\\AuthButtons.tsx","statementMap":{"0":{"start":{"line":1,"column":0},"end":{"line":1,"column":40}},"1":{"start":{"line":2,"column":0},"end":{"line":2,"column":57}},"2":{"start":{"line":3,"column":0},"end":{"line":3,"column":43}},"3":{"start":{"line":18,"column":2},"end":{"line":37,"column":4}},"4":{"start":{"line":12,"column":0},"end":{"line":12,"column":24}}},"fnMap":{"0":{"name":"AuthButtons","decl":{"start":{"line":12,"column":24},"end":{"line":12,"column":35}},"loc":{"start":{"line":17,"column":8},"end":{"line":38,"column":1}}}},"branchMap":{"0":{"loc":{"start":{"line":20,"column":7},"end":{"line":34,"column":null}},"type":"cond-expr","locations":[{"start":{"line":21,"column":8},"end":{"line":24,"column":null}},{"start":{"line":27,"column":8},"end":{"line":33,"column":null}}]}},"s":{"0":1,"1":1,"2":1,"3":2,"4":1},"f":{"0":2},"b":{"0":[1,1]}}
,"E:\\Grafiql-app\\src\\components\\authButtons\\style.ts": {"path":"E:\\Grafiql-app\\src\\components\\authButtons\\style.ts","statementMap":{"0":{"start":{"line":1,"column":0},"end":{"line":1,"column":39}},"1":{"start":{"line":3,"column":13},"end":{"line":6,"column":2}}},"fnMap":{},"branchMap":{},"s":{"0":1,"1":1},"f":{},"b":{}}
,"E:\\Grafiql-app\\src\\components\\buttons\\PrimaryButton.ts": {"path":"E:\\Grafiql-app\\src\\components\\buttons\\PrimaryButton.ts","statementMap":{"0":{"start":{"line":1,"column":0},"end":{"line":1,"column":39}},"1":{"start":{"line":3,"column":13},"end":{"line":27,"column":2}}},"fnMap":{},"branchMap":{},"s":{"0":1,"1":1},"f":{},"b":{}}
,"E:\\Grafiql-app\\src\\components\\templates\\Header\\Header.tsx": {"path":"E:\\Grafiql-app\\src\\components\\templates\\Header\\Header.tsx","statementMap":{"0":{"start":{"line":1,"column":0},"end":{"line":1,"column":63}},"1":{"start":{"line":2,"column":0},"end":{"line":2,"column":65}},"2":{"start":{"line":3,"column":0},"end":{"line":3,"column":null}},"3":{"start":{"line":10,"column":0},"end":{"line":10,"column":65}},"4":{"start":{"line":12,"column":15},"end":{"line":61,"column":1}},"5":{"start":{"line":13,"column":34},"end":{"line":13,"column":49}},"6":{"start":{"line":14,"column":36},"end":{"line":14,"column":60}},"7":{"start":{"line":16,"column":23},"end":{"line":19,"column":3}},"8":{"start":{"line":17,"column":19},"end":{"line":17,"column":33}},"9":{"start":{"line":18,"column":4},"end":{"line":18,"column":29}},"10":{"start":{"line":21,"column":23},"end":{"line":23,"column":3}},"11":{"start":{"line":22,"column":4},"end":{"line":22,"column":45}},"12":{"start":{"line":25,"column":2},"end":{"line":31,"column":9}},"13":{"start":{"line":26,"column":4},"end":{"line":26,"column":52}},"14":{"start":{"line":28,"column":4},"end":{"line":30,"column":6}},"15":{"start":{"line":29,"column":6},"end":{"line":29,"column":57}},"16":{"start":{"line":33,"column":2},"end":{"line":60,"column":4}},"17":{"start":{"line":63,"column":0},"end":{"line":63,"column":22}}},"fnMap":{"0":{"name":"(anonymous_0)","decl":{"start":{"line":12,"column":15},"end":{"line":12,"column":18}},"loc":{"start":{"line":12,"column":20},"end":{"line":61,"column":1}}},"1":{"name":"(anonymous_1)","decl":{"start":{"line":16,"column":23},"end":{"line":16,"column":26}},"loc":{"start":{"line":16,"column":28},"end":{"line":19,"column":3}}},"2":{"name":"(anonymous_2)","decl":{"start":{"line":21,"column":23},"end":{"line":21,"column":24}},"loc":{"start":{"line":21,"column":52},"end":{"line":23,"column":3}}},"3":{"name":"(anonymous_3)","decl":{"start":{"line":25,"column":12},"end":{"line":25,"column":15}},"loc":{"start":{"line":25,"column":17},"end":{"line":31,"column":3}}},"4":{"name":"(anonymous_4)","decl":{"start":{"line":28,"column":11},"end":{"line":28,"column":14}},"loc":{"start":{"line":28,"column":16},"end":{"line":30,"column":5}}}},"branchMap":{},"s":{"0":1,"1":1,"2":1,"3":1,"4":1,"5":4,"6":3,"7":3,"8":1,"9":1,"10":3,"11":0,"12":3,"13":2,"14":2,"15":2,"16":3,"17":1},"f":{"0":4,"1":1,"2":0,"3":2,"4":2},"b":{}}
,"E:\\Grafiql-app\\src\\components\\templates\\Header\\style.ts": {"path":"E:\\Grafiql-app\\src\\components\\templates\\Header\\style.ts","statementMap":{"0":{"start":{"line":1,"column":0},"end":{"line":1,"column":50}},"1":{"start":{"line":2,"column":0},"end":{"line":2,"column":40}},"2":{"start":{"line":3,"column":0},"end":{"line":3,"column":37}},"3":{"start":{"line":10,"column":13},"end":{"line":20,"column":4}},"4":{"start":{"line":10,"column":71},"end":{"line":20,"column":2}},"5":{"start":{"line":22,"column":13},"end":{"line":39,"column":4}},"6":{"start":{"line":22,"column":71},"end":{"line":39,"column":2}},"7":{"start":{"line":41,"column":13},"end":{"line":47,"column":3}}},"fnMap":{"0":{"name":"(anonymous_0)","decl":{"start":{"line":10,"column":36},"end":{"line":10,"column":37}},"loc":{"start":{"line":10,"column":71},"end":{"line":20,"column":2}}},"1":{"name":"(anonymous_1)","decl":{"start":{"line":22,"column":39},"end":{"line":22,"column":40}},"loc":{"start":{"line":22,"column":71},"end":{"line":39,"column":2}}}},"branchMap":{"0":{"loc":{"start":{"line":11,"column":10},"end":{"line":11,"column":36}},"type":"cond-expr","locations":[{"start":{"line":11,"column":21},"end":{"line":11,"column":27}},{"start":{"line":11,"column":30},"end":{"line":11,"column":36}}]},"1":{"loc":{"start":{"line":12,"column":19},"end":{"line":12,"column":55}},"type":"cond-expr","locations":[{"start":{"line":12,"column":30},"end":{"line":12,"column":39}},{"start":{"line":12,"column":42},"end":{"line":12,"column":55}}]},"2":{"loc":{"start":{"line":26,"column":9},"end":{"line":26,"column":24}},"type":"binary-expr","locations":[{"start":{"line":26,"column":9},"end":{"line":26,"column":14}},{"start":{"line":26,"column":18},"end":{"line":26,"column":24}}]}},"s":{"0":1,"1":1,"2":1,"3":1,"4":3,"5":1,"6":6,"7":1},"f":{"0":3,"1":6},"b":{"0":[1,2],"1":[1,2],"2":[6,0]}}
,"E:\\Grafiql-app\\src\\components\\welcomeText\\WelcomeText.tsx": {"path":"E:\\Grafiql-app\\src\\components\\welcomeText\\WelcomeText.tsx","statementMap":{"0":{"start":{"line":1,"column":0},"end":{"line":1,"column":56}},"1":{"start":{"line":16,"column":2},"end":{"line":23,"column":4}},"2":{"start":{"line":10,"column":0},"end":{"line":10,"column":24}}},"fnMap":{"0":{"name":"WelcomeText","decl":{"start":{"line":10,"column":24},"end":{"line":10,"column":35}},"loc":{"start":{"line":15,"column":8},"end":{"line":24,"column":1}}}},"branchMap":{},"s":{"0":1,"1":1,"2":1},"f":{"0":1},"b":{}}
,"E:\\Grafiql-app\\src\\components\\welcomeText\\style.ts": {"path":"E:\\Grafiql-app\\src\\components\\welcomeText\\style.ts","statementMap":{"0":{"start":{"line":1,"column":0},"end":{"line":1,"column":39}},"1":{"start":{"line":3,"column":13},"end":{"line":10,"column":2}},"2":{"start":{"line":12,"column":13},"end":{"line":17,"column":2}},"3":{"start":{"line":19,"column":13},"end":{"line":24,"column":2}}},"fnMap":{},"branchMap":{},"s":{"0":1,"1":1,"2":1,"3":1},"f":{},"b":{}}
}
