TN:
SF:src\components\Context\LenguageContext.ts
FN:10,(anonymous_0)
FNF:1
FNH:1
FNDA:1,(anonymous_0)
DA:1,2
DA:8,2
DA:13,2
LF:3
LH:3
BRF:0
BRH:0
end_of_record
TN:
SF:src\components\templates\Header\Header.tsx
FN:12,(anonymous_0)
FN:16,(anonymous_1)
FN:21,(anonymous_2)
FN:25,(anonymous_3)
FN:28,(anonymous_4)
FNF:5
FNH:4
FNDA:4,(anonymous_0)
FNDA:1,(anonymous_1)
FNDA:0,(anonymous_2)
FNDA:2,(anonymous_3)
FNDA:2,(anonymous_4)
DA:1,1
DA:2,1
DA:3,1
DA:10,1
DA:12,1
DA:13,4
DA:14,3
DA:16,3
DA:17,1
DA:18,1
DA:21,3
DA:22,0
DA:25,3
DA:26,2
DA:28,2
DA:29,2
DA:33,3
DA:63,1
LF:18
LH:17
BRF:0
BRH:0
end_of_record
TN:
SF:src\components\templates\Header\style.ts
FN:10,(anonymous_0)
FN:22,(anonymous_1)
FNF:2
FNH:2
FNDA:3,(anonymous_0)
FNDA:6,(anonymous_1)
DA:1,1
DA:2,1
DA:3,1
DA:10,3
DA:22,6
DA:41,1
LF:6
LH:6
BRDA:11,0,0,1
BRDA:11,0,1,2
BRDA:12,1,0,1
BRDA:12,1,1,2
BRDA:26,2,0,6
BRDA:26,2,1,0
BRF:6
BRH:5
end_of_record
