TN:
SF:src\components\Context\LenguageContext.ts
FN:3,(anonymous_0)
FN:15,(anonymous_1)
FNF:2
FNH:2
FNDA:2,(anonymous_0)
FNDA:1,(anonymous_1)
DA:1,2
DA:3,2
DA:4,2
DA:5,2
DA:13,2
DA:18,2
LF:6
LH:6
BRDA:3,0,0,2
BRDA:3,0,1,2
BRF:2
BRH:2
end_of_record
TN:
SF:src\components\FormInput\FormInput.tsx
FN:22,(anonymous_0)
FNF:1
FNH:1
FNDA:3,(anonymous_0)
DA:1,1
DA:22,1
DA:23,3
DA:43,1
LF:4
LH:4
BRDA:34,0,0,3
BRDA:34,0,1,1
BRF:2
BRH:2
end_of_record
TN:
SF:src\components\atoms\InputEntryPoint\InputEntryPoint.tsx
FN:5,(anonymous_1)
FN:8,(anonymous_2)
FN:17,(anonymous_3)
FNF:3
FNH:3
FNDA:6,(anonymous_1)
FNDA:2,(anonymous_2)
FNDA:1,(anonymous_3)
DA:1,1
DA:2,1
DA:3,1
DA:5,1
DA:6,6
DA:8,6
DA:11,2
DA:14,6
DA:17,1
DA:24,1
LF:10
LH:10
BRF:0
BRH:0
end_of_record
TN:
SF:src\components\atoms\InputEntryPoint\style.ts
FNF:0
FNH:0
DA:1,1
DA:2,1
DA:4,1
DA:11,1
DA:16,1
LF:5
LH:5
BRF:0
BRH:0
end_of_record
TN:
SF:src\components\authButtons\AuthButtons.tsx
FN:12,AuthButtons
FNF:1
FNH:1
FNDA:2,AuthButtons
DA:1,1
DA:2,1
DA:3,1
DA:12,1
DA:18,2
LF:5
LH:5
BRDA:20,0,0,1
BRDA:20,0,1,1
BRF:2
BRH:2
end_of_record
TN:
SF:src\components\authButtons\style.ts
FNF:0
FNH:0
DA:1,1
DA:3,1
LF:2
LH:2
BRF:0
BRH:0
end_of_record
TN:
SF:src\components\buttons\PrimaryButton.ts
FNF:0
FNH:0
DA:1,1
DA:3,1
LF:2
LH:2
BRF:0
BRH:0
end_of_record
TN:
SF:src\components\templates\Header\Header.tsx
FN:12,(anonymous_0)
FN:16,(anonymous_1)
FN:21,(anonymous_2)
FN:25,(anonymous_3)
FN:28,(anonymous_4)
FNF:5
FNH:4
FNDA:4,(anonymous_0)
FNDA:1,(anonymous_1)
FNDA:0,(anonymous_2)
FNDA:2,(anonymous_3)
FNDA:2,(anonymous_4)
DA:1,1
DA:2,1
DA:3,1
DA:10,1
DA:12,1
DA:13,4
DA:14,3
DA:16,3
DA:17,1
DA:18,1
DA:21,3
DA:22,0
DA:25,3
DA:26,2
DA:28,2
DA:29,2
DA:33,3
DA:63,1
LF:18
LH:17
BRF:0
BRH:0
end_of_record
TN:
SF:src\components\templates\Header\style.ts
FN:10,(anonymous_0)
FN:22,(anonymous_1)
FNF:2
FNH:2
FNDA:3,(anonymous_0)
FNDA:6,(anonymous_1)
DA:1,1
DA:2,1
DA:3,1
DA:10,3
DA:22,6
DA:41,1
LF:6
LH:6
BRDA:11,0,0,1
BRDA:11,0,1,2
BRDA:12,1,0,1
BRDA:12,1,1,2
BRDA:26,2,0,6
BRDA:26,2,1,0
BRF:6
BRH:5
end_of_record
TN:
SF:src\components\welcomeText\WelcomeText.tsx
FN:10,WelcomeText
FNF:1
FNH:1
FNDA:1,WelcomeText
DA:1,1
DA:10,1
DA:16,1
LF:3
LH:3
BRF:0
BRH:0
end_of_record
TN:
SF:src\components\welcomeText\style.ts
FNF:0
FNH:0
DA:1,1
DA:3,1
DA:12,1
DA:19,1
LF:4
LH:4
BRF:0
BRH:0
end_of_record
